<?xml version="1.0" encoding="UTF-8" ?>
<testsuite failures="0" time="8.391" errors="0" skipped="0" tests="8" name="fr.insa.toulouse.tp2g2.mainApp.ScenarioParserTest">
  <properties>
    <property name="java.runtime.name" value="OpenJDK Runtime Environment"/>
    <property name="sun.boot.library.path" value="/usr/lib/jvm/java-7-openjdk-i386/jre/lib/i386"/>
    <property name="java.vm.version" value="24.65-b04"/>
    <property name="java.vm.vendor" value="Oracle Corporation"/>
    <property name="java.vendor.url" value="http://java.oracle.com/"/>
    <property name="path.separator" value=":"/>
    <property name="java.vm.name" value="OpenJDK Client VM"/>
    <property name="file.encoding.pkg" value="sun.io"/>
    <property name="user.country" value="FR"/>
    <property name="sun.java.launcher" value="SUN_STANDARD"/>
    <property name="sun.os.patch.level" value="unknown"/>
    <property name="java.vm.specification.name" value="Java Virtual Machine Specification"/>
    <property name="user.dir" value="/home/swim/git/swim-4/mainApp"/>
    <property name="java.runtime.version" value="1.7.0_65-b32"/>
    <property name="java.awt.graphicsenv" value="sun.awt.X11GraphicsEnvironment"/>
    <property name="basedir" value="/home/swim/git/swim-4/mainApp"/>
    <property name="java.endorsed.dirs" value="/usr/lib/jvm/java-7-openjdk-i386/jre/lib/endorsed"/>
    <property name="os.arch" value="i386"/>
    <property name="surefire.real.class.path" value="/home/swim/git/swim-4/mainApp/target/surefire/surefirebooter8103929190639561441.jar"/>
    <property name="java.io.tmpdir" value="/tmp"/>
    <property name="line.separator" value="
"/>
    <property name="java.vm.specification.vendor" value="Oracle Corporation"/>
    <property name="os.name" value="Linux"/>
    <property name="sun.jnu.encoding" value="UTF-8"/>
    <property name="java.library.path" value="/usr/lib/jvm/java-7-openjdk-i386/jre/lib/i386/client:/usr/lib/jvm/java-7-openjdk-i386/jre/lib/i386::/usr/java/packages/lib/i386:/usr/lib/i386-linux-gnu/jni:/lib/i386-linux-gnu:/usr/lib/i386-linux-gnu:/usr/lib/jni:/lib:/usr/lib"/>
    <property name="surefire.test.class.path" value="/home/swim/git/swim-4/mainApp/target/test-classes:/home/swim/git/swim-4/mainApp/target/classes:/home/swim/.m2/repository/junit/junit/4.12/junit-4.12.jar:/home/swim/.m2/repository/org/hamcrest/hamcrest-core/1.3/hamcrest-core-1.3.jar:/home/swim/.m2/repository/javax/xml/bind/jaxb-api/2.2.12/jaxb-api-2.2.12.jar:/home/swim/.m2/repository/org/elasticsearch/elasticsearch/1.4.1/elasticsearch-1.4.1.jar:/home/swim/.m2/repository/org/apache/lucene/lucene-core/4.10.2/lucene-core-4.10.2.jar:/home/swim/.m2/repository/org/apache/lucene/lucene-analyzers-common/4.10.2/lucene-analyzers-common-4.10.2.jar:/home/swim/.m2/repository/org/apache/lucene/lucene-queries/4.10.2/lucene-queries-4.10.2.jar:/home/swim/.m2/repository/org/apache/lucene/lucene-memory/4.10.2/lucene-memory-4.10.2.jar:/home/swim/.m2/repository/org/apache/lucene/lucene-highlighter/4.10.2/lucene-highlighter-4.10.2.jar:/home/swim/.m2/repository/org/apache/lucene/lucene-queryparser/4.10.2/lucene-queryparser-4.10.2.jar:/home/swim/.m2/repository/org/apache/lucene/lucene-sandbox/4.10.2/lucene-sandbox-4.10.2.jar:/home/swim/.m2/repository/org/apache/lucene/lucene-suggest/4.10.2/lucene-suggest-4.10.2.jar:/home/swim/.m2/repository/org/apache/lucene/lucene-misc/4.10.2/lucene-misc-4.10.2.jar:/home/swim/.m2/repository/org/apache/lucene/lucene-join/4.10.2/lucene-join-4.10.2.jar:/home/swim/.m2/repository/org/apache/lucene/lucene-grouping/4.10.2/lucene-grouping-4.10.2.jar:/home/swim/.m2/repository/org/apache/lucene/lucene-spatial/4.10.2/lucene-spatial-4.10.2.jar:/home/swim/.m2/repository/com/spatial4j/spatial4j/0.4.1/spatial4j-0.4.1.jar:/home/swim/.m2/repository/org/antlr/antlr-runtime/3.5/antlr-runtime-3.5.jar:/home/swim/.m2/repository/org/ow2/asm/asm/4.1/asm-4.1.jar:/home/swim/.m2/repository/org/ow2/asm/asm-commons/4.1/asm-commons-4.1.jar:/home/swim/.m2/repository/com/fasterxml/jackson/core/jackson-databind/2.1.3/jackson-databind-2.1.3.jar:/home/swim/.m2/repository/com/fasterxml/jackson/core/jackson-annotations/2.1.2/jackson-annotations-2.1.2.jar:/home/swim/.m2/repository/com/fasterxml/jackson/core/jackson-core/2.1.3/jackson-core-2.1.3.jar:"/>
    <property name="java.specification.name" value="Java Platform API Specification"/>
    <property name="java.class.version" value="51.0"/>
    <property name="sun.management.compiler" value="HotSpot Client Compiler"/>
    <property name="os.version" value="3.16.0-23-generic"/>
    <property name="user.home" value="/home/swim"/>
    <property name="user.timezone" value=""/>
    <property name="java.awt.printerjob" value="sun.print.PSPrinterJob"/>
    <property name="file.encoding" value="UTF-8"/>
    <property name="java.specification.version" value="1.7"/>
    <property name="user.name" value="swim"/>
    <property name="java.class.path" value="/home/swim/git/swim-4/mainApp/target/test-classes:/home/swim/git/swim-4/mainApp/target/classes:/home/swim/.m2/repository/junit/junit/4.12/junit-4.12.jar:/home/swim/.m2/repository/org/hamcrest/hamcrest-core/1.3/hamcrest-core-1.3.jar:/home/swim/.m2/repository/javax/xml/bind/jaxb-api/2.2.12/jaxb-api-2.2.12.jar:/home/swim/.m2/repository/org/elasticsearch/elasticsearch/1.4.1/elasticsearch-1.4.1.jar:/home/swim/.m2/repository/org/apache/lucene/lucene-core/4.10.2/lucene-core-4.10.2.jar:/home/swim/.m2/repository/org/apache/lucene/lucene-analyzers-common/4.10.2/lucene-analyzers-common-4.10.2.jar:/home/swim/.m2/repository/org/apache/lucene/lucene-queries/4.10.2/lucene-queries-4.10.2.jar:/home/swim/.m2/repository/org/apache/lucene/lucene-memory/4.10.2/lucene-memory-4.10.2.jar:/home/swim/.m2/repository/org/apache/lucene/lucene-highlighter/4.10.2/lucene-highlighter-4.10.2.jar:/home/swim/.m2/repository/org/apache/lucene/lucene-queryparser/4.10.2/lucene-queryparser-4.10.2.jar:/home/swim/.m2/repository/org/apache/lucene/lucene-sandbox/4.10.2/lucene-sandbox-4.10.2.jar:/home/swim/.m2/repository/org/apache/lucene/lucene-suggest/4.10.2/lucene-suggest-4.10.2.jar:/home/swim/.m2/repository/org/apache/lucene/lucene-misc/4.10.2/lucene-misc-4.10.2.jar:/home/swim/.m2/repository/org/apache/lucene/lucene-join/4.10.2/lucene-join-4.10.2.jar:/home/swim/.m2/repository/org/apache/lucene/lucene-grouping/4.10.2/lucene-grouping-4.10.2.jar:/home/swim/.m2/repository/org/apache/lucene/lucene-spatial/4.10.2/lucene-spatial-4.10.2.jar:/home/swim/.m2/repository/com/spatial4j/spatial4j/0.4.1/spatial4j-0.4.1.jar:/home/swim/.m2/repository/org/antlr/antlr-runtime/3.5/antlr-runtime-3.5.jar:/home/swim/.m2/repository/org/ow2/asm/asm/4.1/asm-4.1.jar:/home/swim/.m2/repository/org/ow2/asm/asm-commons/4.1/asm-commons-4.1.jar:/home/swim/.m2/repository/com/fasterxml/jackson/core/jackson-databind/2.1.3/jackson-databind-2.1.3.jar:/home/swim/.m2/repository/com/fasterxml/jackson/core/jackson-annotations/2.1.2/jackson-annotations-2.1.2.jar:/home/swim/.m2/repository/com/fasterxml/jackson/core/jackson-core/2.1.3/jackson-core-2.1.3.jar:"/>
    <property name="java.vm.specification.version" value="1.7"/>
    <property name="sun.arch.data.model" value="32"/>
    <property name="java.home" value="/usr/lib/jvm/java-7-openjdk-i386/jre"/>
    <property name="sun.java.command" value="/home/swim/git/swim-4/mainApp/target/surefire/surefirebooter8103929190639561441.jar /home/swim/git/swim-4/mainApp/target/surefire/surefire1729221369669605916tmp /home/swim/git/swim-4/mainApp/target/surefire/surefire7755455381745477190tmp"/>
    <property name="java.specification.vendor" value="Oracle Corporation"/>
    <property name="user.language" value="fr"/>
    <property name="awt.toolkit" value="sun.awt.X11.XToolkit"/>
    <property name="java.vm.info" value="mixed mode, sharing"/>
    <property name="java.version" value="1.7.0_65"/>
    <property name="java.ext.dirs" value="/usr/lib/jvm/java-7-openjdk-i386/jre/lib/ext:/usr/java/packages/lib/ext"/>
    <property name="sun.boot.class.path" value="/usr/lib/jvm/java-7-openjdk-i386/jre/lib/resources.jar:/usr/lib/jvm/java-7-openjdk-i386/jre/lib/rt.jar:/usr/lib/jvm/java-7-openjdk-i386/jre/lib/sunrsasign.jar:/usr/lib/jvm/java-7-openjdk-i386/jre/lib/jsse.jar:/usr/lib/jvm/java-7-openjdk-i386/jre/lib/jce.jar:/usr/lib/jvm/java-7-openjdk-i386/jre/lib/charsets.jar:/usr/lib/jvm/java-7-openjdk-i386/jre/lib/rhino.jar:/usr/lib/jvm/java-7-openjdk-i386/jre/lib/jfr.jar:/usr/lib/jvm/java-7-openjdk-i386/jre/classes"/>
    <property name="java.vendor" value="Oracle Corporation"/>
    <property name="localRepository" value="/home/swim/.m2/repository"/>
    <property name="file.separator" value="/"/>
    <property name="java.vendor.url.bug" value="http://bugreport.sun.com/bugreport/"/>
    <property name="sun.cpu.endian" value="little"/>
    <property name="sun.io.unicode.encoding" value="UnicodeLittle"/>
    <property name="sun.desktop" value="gnome"/>
    <property name="sun.cpu.isalist" value=""/>
  </properties>
  <testcase time="5.615" classname="fr.insa.toulouse.tp2g2.mainApp.ScenarioParserTest" name="inputIsValid"/>
  <testcase time="0.001" classname="fr.insa.toulouse.tp2g2.mainApp.ScenarioParserTest" name="noConsumersInScenario"/>
  <testcase time="1.182" classname="fr.insa.toulouse.tp2g2.mainApp.ScenarioParserTest" name="veryLargeValidScenario"/>
  <testcase time="0" classname="fr.insa.toulouse.tp2g2.mainApp.ScenarioParserTest" name="validStructureButWrongValues"/>
  <testcase time="0.001" classname="fr.insa.toulouse.tp2g2.mainApp.ScenarioParserTest" name="inputIsNotAnXMLFile"/>
  <testcase time="0.001" classname="fr.insa.toulouse.tp2g2.mainApp.ScenarioParserTest" name="fileDoesNotExist"/>
  <testcase time="0.001" classname="fr.insa.toulouse.tp2g2.mainApp.ScenarioParserTest" name="nonExistingProducerReferenced"/>
  <testcase time="0.481" classname="fr.insa.toulouse.tp2g2.mainApp.ScenarioParserTest" name="scenarioIsIllFormated"/>
</testsuite>